<?xml version="1.0" encoding="UTF-8"?>
<testng-results ignored="0" total="1" passed="1" failed="0" skipped="0">
  <reporter-output>
  </reporter-output>
  <suite started-at="2021-08-31T12:58:21 IST" name="Default suite" finished-at="2021-08-31T12:58:31 IST" duration-ms="9798">
    <groups>
    </groups>
    <test started-at="2021-08-31T12:58:21 IST" name="Default test" finished-at="2021-08-31T12:58:31 IST" duration-ms="9798">
      <class name="questionTwo.FightUI">
        <test-method is-config="true" signature="beforeTest()[pri:0, instance:questionTwo.FightUI@263f04ca]" started-at="2021-08-31T12:58:21 IST" name="beforeTest" finished-at="2021-08-31T12:58:21 IST" duration-ms="9" status="PASS">
          <reporter-output>
          </reporter-output>
        </test-method> <!-- beforeTest -->
        <test-method signature="test()[pri:0, instance:questionTwo.FightUI@263f04ca]" started-at="2021-08-31T12:58:21 IST" name="test" finished-at="2021-08-31T12:58:30 IST" duration-ms="8836" status="PASS">
          <reporter-output>
          </reporter-output>
        </test-method> <!-- test -->
        <test-method is-config="true" signature="afterTest()[pri:0, instance:questionTwo.FightUI@263f04ca]" started-at="2021-08-31T12:58:30 IST" name="afterTest" finished-at="2021-08-31T12:58:31 IST" duration-ms="924" status="PASS">
          <reporter-output>
          </reporter-output>
        </test-method> <!-- afterTest -->
      </class> <!-- questionTwo.FightUI -->
    </test> <!-- Default test -->
  </suite> <!-- Default suite -->
</testng-results>
